6.4655 	EXP 	Created window1 = Window(allowGUI=False, allowStencil=False, args=UNKNOWN, autoLog=True, bitsMode=UNKNOWN, blendMode='avg', color=array([0., 0., 0.]), colorSpace='rgb', fullscr=<method-wrapper '__getattribute__' of attributeSetter object at 0x0E46F2F0>, gamma=None, kwargs=UNKNOWN, lms=UNKNOWN, monitor=<psychopy.monitors.calibTools.Monitor object at 0x1C9A0130>, multiSample=False, name='window1', numSamples=2, pos=[0.0, 0.0], screen=1, size=array([1920, 1200]), stereo=False, units='norm', useFBO=True, useRetina=False, viewOri=0.0, viewPos=None, viewScale=None, waitBlanking=True, winType='pyglet')
6.4656 	EXP 	window1: recordFrameIntervals = False
6.6304 	EXP 	window1: recordFrameIntervals = True
6.8141 	EXP 	window1: recordFrameIntervals = False
7.0614 	EXP 	Created polygon = Rect(__class__=<class 'psychopy.visual.rect.Rect'>, autoDraw=False, autoLog=True, closeShape=True, color=method-wrapper(...), colorSpace=None, contrast=1.0, depth=0.0, fillColor='black', fillColorSpace='named', fillRGB=array([0., 0., 0.]), interpolate=True, lineColor='black', lineColorSpace='named', lineRGB=array([0., 0., 0.]), lineWidth=1, name='polygon', opacity=1.0, ori=array(0.), pos=array([0., 0.]), size=array([1., 1.]), units='norm', vertices=ndarray(...), win=Window(...))
7.1633 	EXP 	Created descriptionText = TextStim(__class__=<class 'psychopy.visual.text.TextStim'>, alignHoriz='center', alignVert='center', antialias=True, autoLog=True, bold=False, color='white', colorSpace='named', contrast=1.0, depth=-1.0, flipHoriz=False, flipVert=False, font='Arial', fontFiles=[], height=0.12, italic=False, languageStyle='LTR', name='descriptionText', opacity=1.0, ori=0, pos=array([0., 0.]), rgb=array([255., 255., 255.]), text=str(...), units='norm', win=Window(...), wrapWidth=1)
7.1640 	EXP 	Created instructionScreen = Rect(__class__=<class 'psychopy.visual.rect.Rect'>, autoDraw=False, autoLog=True, closeShape=True, color=method-wrapper(...), colorSpace=None, contrast=1.0, depth=0.0, fillColor='black', fillColorSpace='named', fillRGB=array([0., 0., 0.]), interpolate=True, lineColor='black', lineColorSpace='named', lineRGB=array([0., 0., 0.]), lineWidth=1, name='instructionScreen', opacity=1.0, ori=array(0.), pos=array([0., 0.]), size=array([1., 1.]), units='norm', vertices=ndarray(...), win=Window(...))
7.2222 	EXP 	Created instructionText = TextStim(__class__=<class 'psychopy.visual.text.TextStim'>, alignHoriz='center', alignVert='center', antialias=True, autoLog=True, bold=False, color='white', colorSpace='named', contrast=1.0, depth=-1.0, flipHoriz=False, flipVert=False, font='Arial', fontFiles=[], height=0.1, italic=False, languageStyle='LTR', name='instructionText', opacity=1.0, ori=0, pos=array([0., 0.]), rgb=array([255., 255., 255.]), text=str(...), units='norm', win=Window(...), wrapWidth=1)
7.2231 	EXP 	Created preTrialScreen = Rect(__class__=<class 'psychopy.visual.rect.Rect'>, autoDraw=False, autoLog=True, closeShape=True, color=method-wrapper(...), colorSpace=None, contrast=1.0, depth=0.0, fillColor='black', fillColorSpace='named', fillRGB=array([0., 0., 0.]), interpolate=True, lineColor='black', lineColorSpace='named', lineRGB=array([0., 0., 0.]), lineWidth=1, name='preTrialScreen', opacity=1.0, ori=array(0.), pos=array([0., 0.]), size=array([1., 1.]), units='norm', vertices=ndarray(...), win=Window(...))
7.2239 	EXP 	Created preTrialText = TextStim(__class__=<class 'psychopy.visual.text.TextStim'>, alignHoriz='center', alignVert='center', antialias=True, autoLog=True, bold=False, color='white', colorSpace='named', contrast=1.0, depth=-1.0, flipHoriz=False, flipVert=False, font='Arial', fontFiles=[], height=0.1, italic=False, languageStyle='LTR', name='preTrialText', opacity=1.0, ori=0, pos=array([0., 0.]), rgb=array([255., 255., 255.]), text='', units='norm', win=Window(...), wrapWidth=1)
7.2311 	EXP 	Created text_2 = TextStim(__class__=<class 'psychopy.visual.text.TextStim'>, alignHoriz='center', alignVert='center', antialias=True, autoLog=True, bold=False, color='white', colorSpace='named', contrast=1.0, depth=-1.0, flipHoriz=False, flipVert=False, font='Arial', fontFiles=[], height=0.1, italic=False, languageStyle='LTR', name='text_2', opacity=1.0, ori=0, pos=array([0., 0.]), rgb=array([255., 255., 255.]), text='default text', units='norm', win=Window(...), wrapWidth=1)
7.2318 	EXP 	Created TrialScreen = Rect(__class__=<class 'psychopy.visual.rect.Rect'>, autoDraw=False, autoLog=True, closeShape=True, color=method-wrapper(...), colorSpace=None, contrast=1.0, depth=-1.0, fillColor='black', fillColorSpace='named', fillRGB=array([0., 0., 0.]), interpolate=True, lineColor='black', lineColorSpace='named', lineRGB=array([0., 0., 0.]), lineWidth=1, name='TrialScreen', opacity=1.0, ori=array(0.), pos=array([0., 0.]), size=array([1., 1.]), units='norm', vertices=ndarray(...), win=Window(...))
7.2435 	EXP 	Created trialImage1 = ImageStim(__class__=<class 'psychopy.visual.image.ImageStim'>, autoLog=True, color='white', colorSpace='named', contrast=1.0, depth=-2.0, flipHoriz=False, flipVert=False, image='sin', interpolate=True, mask=None, maskParams=None, name='trialImage1', opacity=1.0, ori=0.0, pos=array([0., 0.]), size=array([1., 1.]), texRes=128, units='norm', win=Window(...))
7.2464 	EXP 	Created trialImage2 = ImageStim(__class__=<class 'psychopy.visual.image.ImageStim'>, autoLog=True, color=array([1., 1., 1.]), colorSpace='rgb', contrast=1.0, depth=-3.0, flipHoriz=False, flipVert=False, image='sin', interpolate=True, mask=None, maskParams=None, name='trialImage2', opacity=0.5, ori=0.0, pos=array([0., 0.]), size=array([1., 1.]), texRes=128, units='norm', win=Window(...))
7.2532 	EXP 	Created trialLeftText = TextStim(__class__=<class 'psychopy.visual.text.TextStim'>, alignHoriz='center', alignVert='center', antialias=True, autoLog=True, bold=False, color='white', colorSpace='named', contrast=1.0, depth=-4.0, flipHoriz=False, flipVert=False, font='Arial', fontFiles=[], height=0.1, italic=False, languageStyle='LTR', name='trialLeftText', opacity=1.0, ori=270, pos=array([-0.8,  0. ]), rgb=array([255., 255., 255.]), text='default text', units='norm', win=Window(...), wrapWidth=1)
7.2593 	EXP 	Created trialRightText = TextStim(__class__=<class 'psychopy.visual.text.TextStim'>, alignHoriz='center', alignVert='center', antialias=True, autoLog=True, bold=False, color='white', colorSpace='named', contrast=1.0, depth=-5.0, flipHoriz=False, flipVert=False, font='Arial', fontFiles=[], height=0.1, italic=False, languageStyle='LTR', name='trialRightText', opacity=1.0, ori=90, pos=array([0.8, 0. ]), rgb=array([255., 255., 255.]), text='default text', units='norm', win=Window(...), wrapWidth=1)
7.2602 	EXP 	Created interTrialScreen = Rect(__class__=<class 'psychopy.visual.rect.Rect'>, autoDraw=False, autoLog=True, closeShape=True, color=method-wrapper(...), colorSpace=None, contrast=1.0, depth=0.0, fillColor='black', fillColorSpace='named', fillRGB=array([0., 0., 0.]), interpolate=True, lineColor='black', lineColorSpace='named', lineRGB=array([0., 0., 0.]), lineWidth=1, name='interTrialScreen', opacity=1.0, ori=array(0.), pos=array([0., 0.]), size=array([1., 1.]), units='norm', vertices=ndarray(...), win=Window(...))
7.2615 	EXP 	Created whiteScreen_2 = Rect(__class__=<class 'psychopy.visual.rect.Rect'>, autoDraw=False, autoLog=True, closeShape=True, color=method-wrapper(...), colorSpace=None, contrast=1.0, depth=-1.0, fillColor=array([1., 1., 1.]), fillColorSpace='rgb', fillRGB=array([1., 1., 1.]), interpolate=True, lineColor=array([1., 1., 1.]), lineColorSpace='rgb', lineRGB=array([1., 1., 1.]), lineWidth=1, name='whiteScreen_2', opacity=1.0, ori=array(0.), pos=array([0., 0.]), size=array([1., 1.]), units='norm', vertices=ndarray(...), win=Window(...))
7.2865 	EXP 	Created interTrialText = TextStim(__class__=<class 'psychopy.visual.text.TextStim'>, alignHoriz='center', alignVert='center', antialias=True, autoLog=True, bold=False, color='black', colorSpace='named', contrast=1.0, depth=-2.0, flipHoriz=False, flipVert=False, font='Arial', fontFiles=[], height=0.2, italic=False, languageStyle='LTR', name='interTrialText', opacity=1.0, ori=0, pos=array([0., 0.]), rgb=array([0., 0., 0.]), text='default text', units='norm', win=Window(...), wrapWidth=1)
7.2879 	EXP 	Created interBlockScreen = Rect(__class__=<class 'psychopy.visual.rect.Rect'>, autoDraw=False, autoLog=True, closeShape=True, color=method-wrapper(...), colorSpace=None, contrast=1.0, depth=0.0, fillColor='black', fillColorSpace='named', fillRGB=array([0., 0., 0.]), interpolate=True, lineColor='black', lineColorSpace='named', lineRGB=array([0., 0., 0.]), lineWidth=1, name='interBlockScreen', opacity=1.0, ori=array(0.), pos=array([0., 0.]), size=array([1., 1.]), units='norm', vertices=ndarray(...), win=Window(...))
7.2920 	EXP 	Created interBlockText = TextStim(__class__=<class 'psychopy.visual.text.TextStim'>, alignHoriz='center', alignVert='center', antialias=True, autoLog=True, bold=False, color='white', colorSpace='named', contrast=1.0, depth=-1.0, flipHoriz=False, flipVert=False, font='Arial', fontFiles=[], height=0.1, italic=False, languageStyle='LTR', name='interBlockText', opacity=1.0, ori=0, pos=array([0., 0.]), rgb=array([255., 255., 255.]), text='+', units='norm', win=Window(...), wrapWidth=1)
7.2928 	EXP 	Created polygon_2 = Rect(__class__=<class 'psychopy.visual.rect.Rect'>, autoDraw=False, autoLog=True, closeShape=True, color=method-wrapper(...), colorSpace=None, contrast=1.0, depth=0.0, fillColor='black', fillColorSpace='named', fillRGB=array([0., 0., 0.]), interpolate=True, lineColor='black', lineColorSpace='named', lineRGB=array([0., 0., 0.]), lineWidth=1, name='polygon_2', opacity=1.0, ori=array(0.), pos=array([0., 0.]), size=array([1., 1.]), units='norm', vertices=ndarray(...), win=Window(...))
7.3032 	EXP 	Created text = TextStim(__class__=<class 'psychopy.visual.text.TextStim'>, alignHoriz='center', alignVert='center', antialias=True, autoLog=True, bold=False, color='white', colorSpace='named', contrast=1.0, depth=-1.0, flipHoriz=False, flipVert=False, font='Arial', fontFiles=[], height=0.1, italic=False, languageStyle='LTR', name='text', opacity=1.0, ori=0, pos=array([0., 0.]), rgb=array([255., 255., 255.]), text='Thank you for your participation!', units='norm', win=Window(...), wrapWidth=1)
7.3074 	EXP 	polygon: autoDraw = True
7.3074 	EXP 	descriptionText: autoDraw = True
8.2140 	DATA 	Mouse: Left button down, pos=(145,637)
8.3484 	DATA 	Mouse:  Left button up, pos=(155,639)
8.5323 	DATA 	Keypress: space
8.5475 	EXP 	polygon: autoDraw = False
8.5475 	EXP 	descriptionText: autoDraw = False
8.5475 	EXP 	instructionText: pos = array([0., 0.])
8.5475 	EXP 	instructionScreen: autoDraw = True
8.5475 	EXP 	instructionText: autoDraw = True
8.9486 	DATA 	Keypress: space
8.9647 	EXP 	instructionScreen: autoDraw = False
8.9647 	EXP 	instructionText: autoDraw = False
8.9647 	EXP 	preTrialScreen: autoDraw = True
8.9647 	EXP 	preTrialText: autoDraw = True
11.9510 	EXP 	Created sequence: sequential, trialTypes=1, nReps=8, seed=None
11.9512 	EXP 	New trial (rep=0, index=0): None
12.8481 	EXP 	preTrialScreen: autoDraw = False
12.8481 	EXP 	preTrialText: autoDraw = False
12.8481 	EXP 	text_2: text = 'Press ` for Male\n\nPress - for Female'
12.8481 	EXP 	text_2: autoDraw = True
13.9218 	DATA 	Keypress: space
15.8235 	EXP 	Created sequence: sequential, trialTypes=1, nReps=10, seed=None
15.8240 	EXP 	New trial (rep=0, index=0): None
15.9923 	EXP 	text_2: autoDraw = False
15.9923 	EXP 	text_2: autoDraw = False
15.9923 	EXP 	trialImage1: color = 'white (named)'
15.9923 	EXP 	trialImage1: opacity = 1.0
15.9923 	EXP 	trialImage1: size = array([1.5, 1.5])
15.9923 	EXP 	trialImage1: image = <PIL.Image.Image image mode=LA size=1000x800 at 0x13A76F70>
15.9923 	EXP 	trialImage2: size = array([1.5, 1.5])
15.9923 	EXP 	trialImage2: image = <PIL.Image.Image image mode=LA size=1000x800 at 0x13A76A70>
15.9923 	EXP 	trialLeftText: text = 'Male'
15.9923 	EXP 	trialRightText: text = 'Female'
15.9923 	EXP 	TrialScreen: autoDraw = True
15.9923 	EXP 	trialImage1: autoDraw = True
15.9923 	EXP 	trialImage2: autoDraw = True
15.9923 	EXP 	trialLeftText: autoDraw = True
15.9923 	EXP 	trialRightText: autoDraw = True
16.7245 	DATA 	Keypress: quoteleft
16.8383 	EXP 	TrialScreen: autoDraw = False
16.8383 	EXP 	trialImage1: autoDraw = False
16.8383 	EXP 	trialImage2: autoDraw = False
16.8383 	EXP 	trialLeftText: autoDraw = False
16.8383 	EXP 	trialRightText: autoDraw = False
16.8383 	EXP 	TrialScreen: autoDraw = False
16.8383 	EXP 	trialImage1: autoDraw = False
16.8383 	EXP 	trialImage2: autoDraw = False
16.8383 	EXP 	trialLeftText: autoDraw = False
16.8383 	EXP 	trialRightText: autoDraw = False
16.8383 	EXP 	whiteScreen_2: size = array([1.5, 1.5])
16.8383 	EXP 	interTrialText: text = '+'
16.8383 	EXP 	interTrialScreen: autoDraw = True
16.8383 	EXP 	whiteScreen_2: autoDraw = True
16.8383 	EXP 	interTrialText: autoDraw = True
18.8590 	EXP 	New trial (rep=1, index=0): None
18.9654 	EXP 	interTrialScreen: autoDraw = False
18.9654 	EXP 	whiteScreen_2: autoDraw = False
18.9654 	EXP 	interTrialText: autoDraw = False
18.9654 	EXP 	interTrialScreen: autoDraw = False
18.9654 	EXP 	whiteScreen_2: autoDraw = False
18.9654 	EXP 	interTrialText: autoDraw = False
18.9654 	EXP 	trialImage1: color = 'white (named)'
18.9654 	EXP 	trialImage1: opacity = 1.0
18.9654 	EXP 	trialImage1: size = array([1.5, 1.5])
18.9654 	EXP 	trialImage1: image = <PIL.Image.Image image mode=LA size=1000x800 at 0x13A76ED0>
18.9654 	EXP 	trialImage2: size = array([1.5, 1.5])
18.9654 	EXP 	trialImage2: image = <PIL.Image.Image image mode=LA size=1000x800 at 0x13A76AB0>
18.9654 	EXP 	trialLeftText: text = 'Male'
18.9654 	EXP 	trialRightText: text = 'Female'
18.9654 	EXP 	TrialScreen: autoDraw = True
18.9654 	EXP 	trialImage1: autoDraw = True
18.9654 	EXP 	trialImage2: autoDraw = True
18.9654 	EXP 	trialLeftText: autoDraw = True
18.9654 	EXP 	trialRightText: autoDraw = True
19.6740 	DATA 	Keypress: quoteleft
19.8761 	EXP 	TrialScreen: autoDraw = False
19.8761 	EXP 	trialImage1: autoDraw = False
19.8761 	EXP 	trialImage2: autoDraw = False
19.8761 	EXP 	trialLeftText: autoDraw = False
19.8761 	EXP 	trialRightText: autoDraw = False
19.8761 	EXP 	TrialScreen: autoDraw = False
19.8761 	EXP 	trialImage1: autoDraw = False
19.8761 	EXP 	trialImage2: autoDraw = False
19.8761 	EXP 	trialLeftText: autoDraw = False
19.8761 	EXP 	trialRightText: autoDraw = False
19.8761 	EXP 	whiteScreen_2: size = array([1.5, 1.5])
19.8761 	EXP 	interTrialText: text = '+'
19.8761 	EXP 	interTrialScreen: autoDraw = True
19.8761 	EXP 	whiteScreen_2: autoDraw = True
19.8761 	EXP 	interTrialText: autoDraw = True
22.1460 	EXP 	New trial (rep=2, index=0): None
22.1951 	EXP 	interTrialScreen: autoDraw = False
22.1951 	EXP 	whiteScreen_2: autoDraw = False
22.1951 	EXP 	interTrialText: autoDraw = False
22.1951 	EXP 	interTrialScreen: autoDraw = False
22.1951 	EXP 	whiteScreen_2: autoDraw = False
22.1951 	EXP 	interTrialText: autoDraw = False
22.1951 	EXP 	trialImage1: color = 'white (named)'
22.1951 	EXP 	trialImage1: opacity = 1.0
22.1951 	EXP 	trialImage1: size = array([1.5, 1.5])
22.1951 	EXP 	trialImage1: image = <PIL.Image.Image image mode=LA size=1000x800 at 0x13A76790>
22.1951 	EXP 	trialImage2: size = array([1.5, 1.5])
22.1951 	EXP 	trialImage2: image = <PIL.Image.Image image mode=LA size=1000x800 at 0x13A767D0>
22.1951 	EXP 	trialLeftText: text = 'Male'
22.1951 	EXP 	trialRightText: text = 'Female'
22.1951 	EXP 	TrialScreen: autoDraw = True
22.1951 	EXP 	trialImage1: autoDraw = True
22.1951 	EXP 	trialImage2: autoDraw = True
22.1951 	EXP 	trialLeftText: autoDraw = True
22.1951 	EXP 	trialRightText: autoDraw = True
22.8437 	DATA 	Keypress: escape
22.9127 	EXP 	window1: mouseVisible = True
