6.9630 	EXP 	Created window1 = Window(allowGUI=False, allowStencil=False, args=UNKNOWN, autoLog=True, bitsMode=UNKNOWN, blendMode='avg', color=array([0., 0., 0.]), colorSpace='rgb', fullscr=<method-wrapper '__getattribute__' of attributeSetter object at 0x0E27E2F0>, gamma=None, kwargs=UNKNOWN, lms=UNKNOWN, monitor=<psychopy.monitors.calibTools.Monitor object at 0x1C81D130>, multiSample=False, name='window1', numSamples=2, pos=[0.0, 0.0], screen=1, size=array([1920, 1200]), stereo=False, units='norm', useFBO=True, useRetina=False, viewOri=0.0, viewPos=None, viewScale=None, waitBlanking=True, winType='pyglet')
6.9631 	EXP 	window1: recordFrameIntervals = False
7.1285 	EXP 	window1: recordFrameIntervals = True
7.3123 	EXP 	window1: recordFrameIntervals = False
7.5388 	EXP 	Created polygon = Rect(__class__=<class 'psychopy.visual.rect.Rect'>, autoDraw=False, autoLog=True, closeShape=True, color=method-wrapper(...), colorSpace=None, contrast=1.0, depth=0.0, fillColor='black', fillColorSpace='named', fillRGB=array([0., 0., 0.]), interpolate=True, lineColor='black', lineColorSpace='named', lineRGB=array([0., 0., 0.]), lineWidth=1, name='polygon', opacity=1.0, ori=array(0.), pos=array([0., 0.]), size=array([1., 1.]), units='norm', vertices=ndarray(...), win=Window(...))
7.6283 	EXP 	Created descriptionText = TextStim(__class__=<class 'psychopy.visual.text.TextStim'>, alignHoriz='center', alignVert='center', antialias=True, autoLog=True, bold=False, color='white', colorSpace='named', contrast=1.0, depth=-1.0, flipHoriz=False, flipVert=False, font='Arial', fontFiles=[], height=0.12, italic=False, languageStyle='LTR', name='descriptionText', opacity=1.0, ori=0, pos=array([0., 0.]), rgb=array([255., 255., 255.]), text=str(...), units='norm', win=Window(...), wrapWidth=1)
7.6289 	EXP 	Created instructionScreen = Rect(__class__=<class 'psychopy.visual.rect.Rect'>, autoDraw=False, autoLog=True, closeShape=True, color=method-wrapper(...), colorSpace=None, contrast=1.0, depth=0.0, fillColor='black', fillColorSpace='named', fillRGB=array([0., 0., 0.]), interpolate=True, lineColor='black', lineColorSpace='named', lineRGB=array([0., 0., 0.]), lineWidth=1, name='instructionScreen', opacity=1.0, ori=array(0.), pos=array([0., 0.]), size=array([1., 1.]), units='norm', vertices=ndarray(...), win=Window(...))
7.6736 	EXP 	Created instructionText = TextStim(__class__=<class 'psychopy.visual.text.TextStim'>, alignHoriz='center', alignVert='center', antialias=True, autoLog=True, bold=False, color='white', colorSpace='named', contrast=1.0, depth=-1.0, flipHoriz=False, flipVert=False, font='Arial', fontFiles=[], height=0.1, italic=False, languageStyle='LTR', name='instructionText', opacity=1.0, ori=0, pos=array([0., 0.]), rgb=array([255., 255., 255.]), text=str(...), units='norm', win=Window(...), wrapWidth=1)
7.6742 	EXP 	Created preTrialScreen = Rect(__class__=<class 'psychopy.visual.rect.Rect'>, autoDraw=False, autoLog=True, closeShape=True, color=method-wrapper(...), colorSpace=None, contrast=1.0, depth=0.0, fillColor='black', fillColorSpace='named', fillRGB=array([0., 0., 0.]), interpolate=True, lineColor='black', lineColorSpace='named', lineRGB=array([0., 0., 0.]), lineWidth=1, name='preTrialScreen', opacity=1.0, ori=array(0.), pos=array([0., 0.]), size=array([1., 1.]), units='norm', vertices=ndarray(...), win=Window(...))
7.6747 	EXP 	Created preTrialText = TextStim(__class__=<class 'psychopy.visual.text.TextStim'>, alignHoriz='center', alignVert='center', antialias=True, autoLog=True, bold=False, color='white', colorSpace='named', contrast=1.0, depth=-1.0, flipHoriz=False, flipVert=False, font='Arial', fontFiles=[], height=0.1, italic=False, languageStyle='LTR', name='preTrialText', opacity=1.0, ori=0, pos=array([0., 0.]), rgb=array([255., 255., 255.]), text='', units='norm', win=Window(...), wrapWidth=1)
7.6807 	EXP 	Created text_2 = TextStim(__class__=<class 'psychopy.visual.text.TextStim'>, alignHoriz='center', alignVert='center', antialias=True, autoLog=True, bold=False, color='white', colorSpace='named', contrast=1.0, depth=-1.0, flipHoriz=False, flipVert=False, font='Arial', fontFiles=[], height=0.1, italic=False, languageStyle='LTR', name='text_2', opacity=1.0, ori=0, pos=array([0., 0.]), rgb=array([255., 255., 255.]), text='default text', units='norm', win=Window(...), wrapWidth=1)
7.6813 	EXP 	Created TrialScreen = Rect(__class__=<class 'psychopy.visual.rect.Rect'>, autoDraw=False, autoLog=True, closeShape=True, color=method-wrapper(...), colorSpace=None, contrast=1.0, depth=-1.0, fillColor='black', fillColorSpace='named', fillRGB=array([0., 0., 0.]), interpolate=True, lineColor='black', lineColorSpace='named', lineRGB=array([0., 0., 0.]), lineWidth=1, name='TrialScreen', opacity=1.0, ori=array(0.), pos=array([0., 0.]), size=array([1., 1.]), units='norm', vertices=ndarray(...), win=Window(...))
7.7517 	EXP 	Created trialImage1 = ImageStim(__class__=<class 'psychopy.visual.image.ImageStim'>, autoLog=True, color='white', colorSpace='named', contrast=1.0, depth=-2.0, flipHoriz=False, flipVert=False, image='sin', interpolate=True, mask=None, maskParams=None, name='trialImage1', opacity=1.0, ori=0.0, pos=array([0., 0.]), size=array([1., 1.]), texRes=128, units='norm', win=Window(...))
7.7539 	EXP 	Created trialImage2 = ImageStim(__class__=<class 'psychopy.visual.image.ImageStim'>, autoLog=True, color=array([1., 1., 1.]), colorSpace='rgb', contrast=1.0, depth=-3.0, flipHoriz=False, flipVert=False, image='sin', interpolate=True, mask=None, maskParams=None, name='trialImage2', opacity=0.5, ori=0.0, pos=array([0., 0.]), size=array([1., 1.]), texRes=128, units='norm', win=Window(...))
7.7585 	EXP 	Created trialLeftText = TextStim(__class__=<class 'psychopy.visual.text.TextStim'>, alignHoriz='center', alignVert='center', antialias=True, autoLog=True, bold=False, color='white', colorSpace='named', contrast=1.0, depth=-4.0, flipHoriz=False, flipVert=False, font='Arial', fontFiles=[], height=0.1, italic=False, languageStyle='LTR', name='trialLeftText', opacity=1.0, ori=270, pos=array([-0.8,  0. ]), rgb=array([255., 255., 255.]), text='default text', units='norm', win=Window(...), wrapWidth=1)
7.7627 	EXP 	Created trialRightText = TextStim(__class__=<class 'psychopy.visual.text.TextStim'>, alignHoriz='center', alignVert='center', antialias=True, autoLog=True, bold=False, color='white', colorSpace='named', contrast=1.0, depth=-5.0, flipHoriz=False, flipVert=False, font='Arial', fontFiles=[], height=0.1, italic=False, languageStyle='LTR', name='trialRightText', opacity=1.0, ori=90, pos=array([0.8, 0. ]), rgb=array([255., 255., 255.]), text='default text', units='norm', win=Window(...), wrapWidth=1)
7.7633 	EXP 	Created interTrialScreen = Rect(__class__=<class 'psychopy.visual.rect.Rect'>, autoDraw=False, autoLog=True, closeShape=True, color=method-wrapper(...), colorSpace=None, contrast=1.0, depth=0.0, fillColor='black', fillColorSpace='named', fillRGB=array([0., 0., 0.]), interpolate=True, lineColor='black', lineColorSpace='named', lineRGB=array([0., 0., 0.]), lineWidth=1, name='interTrialScreen', opacity=1.0, ori=array(0.), pos=array([0., 0.]), size=array([1., 1.]), units='norm', vertices=ndarray(...), win=Window(...))
7.7641 	EXP 	Created whiteScreen_2 = Rect(__class__=<class 'psychopy.visual.rect.Rect'>, autoDraw=False, autoLog=True, closeShape=True, color=method-wrapper(...), colorSpace=None, contrast=1.0, depth=-1.0, fillColor=array([1., 1., 1.]), fillColorSpace='rgb', fillRGB=array([1., 1., 1.]), interpolate=True, lineColor=array([1., 1., 1.]), lineColorSpace='rgb', lineRGB=array([1., 1., 1.]), lineWidth=1, name='whiteScreen_2', opacity=1.0, ori=array(0.), pos=array([0., 0.]), size=array([1., 1.]), units='norm', vertices=ndarray(...), win=Window(...))
7.8025 	EXP 	Created interTrialText = TextStim(__class__=<class 'psychopy.visual.text.TextStim'>, alignHoriz='center', alignVert='center', antialias=True, autoLog=True, bold=False, color='black', colorSpace='named', contrast=1.0, depth=-2.0, flipHoriz=False, flipVert=False, font='Arial', fontFiles=[], height=0.2, italic=False, languageStyle='LTR', name='interTrialText', opacity=1.0, ori=0, pos=array([0., 0.]), rgb=array([0., 0., 0.]), text='default text', units='norm', win=Window(...), wrapWidth=1)
7.8043 	EXP 	Created interBlockScreen = Rect(__class__=<class 'psychopy.visual.rect.Rect'>, autoDraw=False, autoLog=True, closeShape=True, color=method-wrapper(...), colorSpace=None, contrast=1.0, depth=0.0, fillColor='black', fillColorSpace='named', fillRGB=array([0., 0., 0.]), interpolate=True, lineColor='black', lineColorSpace='named', lineRGB=array([0., 0., 0.]), lineWidth=1, name='interBlockScreen', opacity=1.0, ori=array(0.), pos=array([0., 0.]), size=array([1., 1.]), units='norm', vertices=ndarray(...), win=Window(...))
7.8121 	EXP 	Created interBlockText = TextStim(__class__=<class 'psychopy.visual.text.TextStim'>, alignHoriz='center', alignVert='center', antialias=True, autoLog=True, bold=False, color='white', colorSpace='named', contrast=1.0, depth=-1.0, flipHoriz=False, flipVert=False, font='Arial', fontFiles=[], height=0.1, italic=False, languageStyle='LTR', name='interBlockText', opacity=1.0, ori=0, pos=array([0., 0.]), rgb=array([255., 255., 255.]), text='+', units='norm', win=Window(...), wrapWidth=1)
7.8131 	EXP 	Created polygon_2 = Rect(__class__=<class 'psychopy.visual.rect.Rect'>, autoDraw=False, autoLog=True, closeShape=True, color=method-wrapper(...), colorSpace=None, contrast=1.0, depth=0.0, fillColor='black', fillColorSpace='named', fillRGB=array([0., 0., 0.]), interpolate=True, lineColor='black', lineColorSpace='named', lineRGB=array([0., 0., 0.]), lineWidth=1, name='polygon_2', opacity=1.0, ori=array(0.), pos=array([0., 0.]), size=array([1., 1.]), units='norm', vertices=ndarray(...), win=Window(...))
7.8261 	EXP 	Created text = TextStim(__class__=<class 'psychopy.visual.text.TextStim'>, alignHoriz='center', alignVert='center', antialias=True, autoLog=True, bold=False, color='white', colorSpace='named', contrast=1.0, depth=-1.0, flipHoriz=False, flipVert=False, font='Arial', fontFiles=[], height=0.1, italic=False, languageStyle='LTR', name='text', opacity=1.0, ori=0, pos=array([0., 0.]), rgb=array([255., 255., 255.]), text='Thank you for your participation!', units='norm', win=Window(...), wrapWidth=1)
7.8342 	EXP 	polygon: autoDraw = True
7.8342 	EXP 	descriptionText: autoDraw = True
9.0311 	DATA 	Keypress: space
9.0463 	EXP 	polygon: autoDraw = False
9.0463 	EXP 	descriptionText: autoDraw = False
9.0463 	EXP 	instructionText: pos = array([0., 0.])
9.0463 	EXP 	instructionScreen: autoDraw = True
9.0463 	EXP 	instructionText: autoDraw = True
16.6715 	DATA 	Mouse: Left button down, pos=(308,384)
16.7888 	DATA 	Mouse:  Left button up, pos=(308,384)
16.9402 	DATA 	Keypress: space
16.9532 	EXP 	instructionScreen: autoDraw = False
16.9532 	EXP 	instructionText: autoDraw = False
16.9532 	EXP 	preTrialScreen: autoDraw = True
16.9532 	EXP 	preTrialText: autoDraw = True
19.9395 	EXP 	Created sequence: sequential, trialTypes=1, nReps=8, seed=None
19.9397 	EXP 	New trial (rep=0, index=0): None
20.5354 	EXP 	preTrialScreen: autoDraw = False
20.5354 	EXP 	preTrialText: autoDraw = False
20.5354 	EXP 	preTrialScreen: autoDraw = False
20.5354 	EXP 	preTrialText: autoDraw = False
20.5354 	EXP 	text_2: text = 'Press ` for Male\n\nPress - for Female'
20.5354 	EXP 	text_2: autoDraw = True
23.5121 	EXP 	Created sequence: sequential, trialTypes=1, nReps=10, seed=None
23.5126 	EXP 	New trial (rep=0, index=0): None
23.6712 	EXP 	text_2: autoDraw = False
23.6712 	EXP 	text_2: autoDraw = False
23.6712 	EXP 	trialImage1: color = 'white (named)'
23.6712 	EXP 	trialImage1: opacity = 1.0
23.6712 	EXP 	trialImage1: size = array([1.5, 1.5])
23.6712 	EXP 	trialImage1: image = <PIL.Image.Image image mode=LA size=1000x800 at 0x22BC4F50>
23.6712 	EXP 	trialImage2: size = array([1.5, 1.5])
23.6712 	EXP 	trialImage2: image = <PIL.Image.Image image mode=LA size=1000x800 at 0x22BC49F0>
23.6712 	EXP 	trialLeftText: text = 'Male'
23.6712 	EXP 	trialRightText: text = 'Female'
23.6712 	EXP 	TrialScreen: autoDraw = True
23.6712 	EXP 	trialImage1: autoDraw = True
23.6712 	EXP 	trialImage2: autoDraw = True
23.6712 	EXP 	trialLeftText: autoDraw = True
23.6712 	EXP 	trialRightText: autoDraw = True
24.5301 	EXP 	TrialScreen: autoDraw = False
24.5301 	EXP 	trialImage1: autoDraw = False
24.5301 	EXP 	trialImage2: autoDraw = False
24.5301 	EXP 	trialLeftText: autoDraw = False
24.5301 	EXP 	trialRightText: autoDraw = False
24.5301 	EXP 	TrialScreen: autoDraw = False
24.5301 	EXP 	trialImage1: autoDraw = False
24.5301 	EXP 	trialImage2: autoDraw = False
24.5301 	EXP 	trialLeftText: autoDraw = False
24.5301 	EXP 	trialRightText: autoDraw = False
24.5301 	EXP 	whiteScreen_2: size = array([1.5, 1.5])
24.5301 	EXP 	interTrialText: text = '+'
24.5301 	EXP 	interTrialScreen: autoDraw = True
24.5301 	EXP 	whiteScreen_2: autoDraw = True
24.5301 	EXP 	interTrialText: autoDraw = True
26.5833 	EXP 	New trial (rep=1, index=0): None
26.6885 	EXP 	interTrialScreen: autoDraw = False
26.6885 	EXP 	whiteScreen_2: autoDraw = False
26.6885 	EXP 	interTrialText: autoDraw = False
26.6885 	EXP 	interTrialScreen: autoDraw = False
26.6885 	EXP 	whiteScreen_2: autoDraw = False
26.6885 	EXP 	interTrialText: autoDraw = False
26.6885 	EXP 	trialImage1: color = 'white (named)'
26.6885 	EXP 	trialImage1: opacity = 1.0
26.6885 	EXP 	trialImage1: size = array([1.5, 1.5])
26.6885 	EXP 	trialImage1: image = <PIL.Image.Image image mode=LA size=1000x800 at 0x22BC4EF0>
26.6885 	EXP 	trialImage2: size = array([1.5, 1.5])
26.6885 	EXP 	trialImage2: image = <PIL.Image.Image image mode=LA size=1000x800 at 0x22BC4A90>
26.6885 	EXP 	trialLeftText: text = 'Male'
26.6885 	EXP 	trialRightText: text = 'Female'
26.6885 	EXP 	TrialScreen: autoDraw = True
26.6885 	EXP 	trialImage1: autoDraw = True
26.6885 	EXP 	trialImage2: autoDraw = True
26.6885 	EXP 	trialLeftText: autoDraw = True
26.6885 	EXP 	trialRightText: autoDraw = True
27.0812 	DATA 	Keypress: escape
27.1200 	EXP 	window1: mouseVisible = True
